<?xml version="1.0" encoding="UTF-8"?>
<!-- Generated by org.testng.reporters.JUnitReportReporter -->
<testsuite hostname="Rawal-PC" name="datadriven_Testing.Test" tests="1" failures="0" timestamp="17 Jul 2019 17:12:35 GMT" time="31.705" errors="0">
  <testcase name="open" time="31.705" classname="datadriven_Testing.Test"/>
</testsuite> <!-- datadriven_Testing.Test -->
