<?xml version="1.0" encoding="UTF-8"?>
<!-- Generated by org.testng.reporters.JUnitReportReporter -->
<testsuite hostname="Rawal-PC" name="datadriven_Testing.ApacheTest" tests="1" failures="0" timestamp="18 Jul 2019 11:31:30 GMT" time="11.478" errors="0">
  <testcase name="Test" time="11.478" classname="datadriven_Testing.ApacheTest"/>
</testsuite> <!-- datadriven_Testing.ApacheTest -->
