<?xml version="1.0" encoding="UTF-8"?>
<!-- Generated by org.testng.reporters.JUnitReportReporter -->
<testsuite hostname="Rawal-PC" name="datadriven_Testing.Signup" tests="1" failures="0" timestamp="18 Jul 2019 08:08:34 GMT" time="18.302" errors="0">
  <testcase name="signup" time="18.302" classname="datadriven_Testing.Signup"/>
</testsuite> <!-- datadriven_Testing.Signup -->
