<?xml version="1.0" encoding="UTF-8"?>
<!-- Generated by org.testng.reporters.JUnitReportReporter -->
<testsuite hostname="Rawal-PC" name="maven123.Test12345" tests="1" failures="0" timestamp="22 Jun 2019 03:52:47 GMT" time="0.000" errors="0">
  <testcase name="ask" time="0.000" classname="maven123.Test12345"/>
</testsuite> <!-- maven123.Test12345 -->
