<?xml version="1.0" encoding="UTF-8"?>
<!-- Generated by org.testng.reporters.JUnitReportReporter -->
<testsuite hostname="Rawal-PC" name="maven12.Test124" tests="1" failures="0" timestamp="18 Jun 2019 04:53:35 GMT" time="0.017" errors="0">
  <testcase name="m1" time="0.017" classname="maven12.Test124"/>
</testsuite> <!-- maven12.Test124 -->
