<?xml version="1.0" encoding="UTF-8"?>
<!-- Generated by org.testng.reporters.JUnitReportReporter -->
<testsuite hostname="Rawal-PC" name="rawalji.Acd" tests="1" failures="0" timestamp="14 Jul 2019 13:03:36 GMT" time="14.904" errors="0">
  <testcase name="open" time="14.904" classname="rawalji.Acd"/>
</testsuite> <!-- rawalji.Acd -->
