<?xml version="1.0" encoding="UTF-8"?>
<!-- Generated by org.testng.reporters.JUnitReportReporter -->
<testsuite hostname="Rawal-PC" name="maven123.Test12345" tests="1" failures="0" timestamp="19 Jun 2019 06:43:27 GMT" time="0.002" errors="0">
  <testcase name="ask" time="0.002" classname="maven123.Test12345"/>
</testsuite> <!-- maven123.Test12345 -->
